mode: atomic
github.com/k8scat/articli/pkg/markdown/markdown.go:25.49,27.16 2 0
github.com/k8scat/articli/pkg/markdown/markdown.go:30.2,35.16 4 0
github.com/k8scat/articli/pkg/markdown/markdown.go:38.2,42.12 4 0
github.com/k8scat/articli/pkg/markdown/markdown.go:27.16,29.3 1 0
github.com/k8scat/articli/pkg/markdown/markdown.go:35.16,37.3 1 0
github.com/k8scat/articli/pkg/markdown/markdown.go:45.55,47.16 2 1
github.com/k8scat/articli/pkg/markdown/markdown.go:51.2,60.6 9 0
github.com/k8scat/articli/pkg/markdown/markdown.go:103.2,107.16 4 0
github.com/k8scat/articli/pkg/markdown/markdown.go:112.2,113.8 2 0
github.com/k8scat/articli/pkg/markdown/markdown.go:47.16,50.3 2 1
github.com/k8scat/articli/pkg/markdown/markdown.go:60.6,61.30 1 0
github.com/k8scat/articli/pkg/markdown/markdown.go:64.3,64.30 1 0
github.com/k8scat/articli/pkg/markdown/markdown.go:68.3,69.19 2 0
github.com/k8scat/articli/pkg/markdown/markdown.go:72.3,73.16 2 0
github.com/k8scat/articli/pkg/markdown/markdown.go:77.3,77.39 1 0
github.com/k8scat/articli/pkg/markdown/markdown.go:80.3,80.39 1 0
github.com/k8scat/articli/pkg/markdown/markdown.go:83.3,83.30 1 0
github.com/k8scat/articli/pkg/markdown/markdown.go:89.3,89.30 1 0
github.com/k8scat/articli/pkg/markdown/markdown.go:95.3,95.16 1 0
github.com/k8scat/articli/pkg/markdown/markdown.go:61.30,63.4 1 0
github.com/k8scat/articli/pkg/markdown/markdown.go:64.30,66.4 1 0
github.com/k8scat/articli/pkg/markdown/markdown.go:69.19,70.9 1 0
github.com/k8scat/articli/pkg/markdown/markdown.go:73.16,75.4 1 0
github.com/k8scat/articli/pkg/markdown/markdown.go:77.39,79.4 1 0
github.com/k8scat/articli/pkg/markdown/markdown.go:80.39,82.4 1 0
github.com/k8scat/articli/pkg/markdown/markdown.go:83.30,85.17 2 0
github.com/k8scat/articli/pkg/markdown/markdown.go:85.17,87.5 1 0
github.com/k8scat/articli/pkg/markdown/markdown.go:89.30,91.17 2 0
github.com/k8scat/articli/pkg/markdown/markdown.go:91.17,93.5 1 0
github.com/k8scat/articli/pkg/markdown/markdown.go:95.16,97.17 2 0
github.com/k8scat/articli/pkg/markdown/markdown.go:97.17,99.5 1 0
github.com/k8scat/articli/pkg/markdown/markdown.go:107.16,110.3 2 0
github.com/k8scat/articli/pkg/markdown/meta_ordered.go:19.44,21.44 2 12
github.com/k8scat/articli/pkg/markdown/meta_ordered.go:25.2,25.25 1 12
github.com/k8scat/articli/pkg/markdown/meta_ordered.go:40.2,40.12 1 0
github.com/k8scat/articli/pkg/markdown/meta_ordered.go:21.44,24.3 2 6
github.com/k8scat/articli/pkg/markdown/meta_ordered.go:25.25,27.10 2 24
github.com/k8scat/articli/pkg/markdown/meta_ordered.go:30.3,30.16 1 24
github.com/k8scat/articli/pkg/markdown/meta_ordered.go:27.10,28.12 1 0
github.com/k8scat/articli/pkg/markdown/meta_ordered.go:30.16,31.21 1 12
github.com/k8scat/articli/pkg/markdown/meta_ordered.go:34.4,34.38 1 6
github.com/k8scat/articli/pkg/markdown/meta_ordered.go:37.4,37.14 1 0
github.com/k8scat/articli/pkg/markdown/meta_ordered.go:31.21,33.5 1 6
github.com/k8scat/articli/pkg/markdown/meta_ordered.go:34.38,36.5 1 6
github.com/k8scat/articli/pkg/markdown/meta_ordered.go:43.41,45.14 2 0
github.com/k8scat/articli/pkg/markdown/meta_ordered.go:48.2,48.27 1 0
github.com/k8scat/articli/pkg/markdown/meta_ordered.go:51.2,51.14 1 0
github.com/k8scat/articli/pkg/markdown/meta_ordered.go:45.14,47.3 1 0
github.com/k8scat/articli/pkg/markdown/meta_ordered.go:48.27,50.3 1 0
github.com/k8scat/articli/pkg/markdown/meta_ordered.go:54.45,56.14 2 0
github.com/k8scat/articli/pkg/markdown/meta_ordered.go:59.2,60.10 2 0
github.com/k8scat/articli/pkg/markdown/meta_ordered.go:56.14,58.3 1 0
github.com/k8scat/articli/pkg/markdown/meta_ordered.go:63.52,65.14 2 1
github.com/k8scat/articli/pkg/markdown/meta_ordered.go:68.2,69.14 2 1
github.com/k8scat/articli/pkg/markdown/meta_ordered.go:72.2,73.22 2 1
github.com/k8scat/articli/pkg/markdown/meta_ordered.go:80.2,80.11 1 1
github.com/k8scat/articli/pkg/markdown/meta_ordered.go:65.14,67.3 1 0
github.com/k8scat/articli/pkg/markdown/meta_ordered.go:69.14,71.3 1 0
github.com/k8scat/articli/pkg/markdown/meta_ordered.go:73.22,75.10 2 2
github.com/k8scat/articli/pkg/markdown/meta_ordered.go:78.3,78.21 1 2
github.com/k8scat/articli/pkg/markdown/meta_ordered.go:75.10,76.12 1 0
github.com/k8scat/articli/pkg/markdown/meta_ordered.go:83.56,85.44 2 5
github.com/k8scat/articli/pkg/markdown/meta_ordered.go:89.2,89.25 1 5
github.com/k8scat/articli/pkg/markdown/meta_ordered.go:115.2,115.57 1 2
github.com/k8scat/articli/pkg/markdown/meta_ordered.go:85.44,88.3 2 2
github.com/k8scat/articli/pkg/markdown/meta_ordered.go:89.25,91.10 2 10
github.com/k8scat/articli/pkg/markdown/meta_ordered.go:94.3,94.16 1 10
github.com/k8scat/articli/pkg/markdown/meta_ordered.go:91.10,92.12 1 0
github.com/k8scat/articli/pkg/markdown/meta_ordered.go:94.16,95.21 1 3
github.com/k8scat/articli/pkg/markdown/meta_ordered.go:99.4,99.38 1 2
github.com/k8scat/articli/pkg/markdown/meta_ordered.go:105.4,107.50 3 0
github.com/k8scat/articli/pkg/markdown/meta_ordered.go:112.4,112.15 1 0
github.com/k8scat/articli/pkg/markdown/meta_ordered.go:95.21,98.5 2 1
github.com/k8scat/articli/pkg/markdown/meta_ordered.go:99.38,103.5 3 2
github.com/k8scat/articli/pkg/markdown/meta_ordered.go:107.50,111.5 3 0
github.com/k8scat/articli/pkg/platform/github/client.go:24.47,26.17 2 3
github.com/k8scat/articli/pkg/platform/github/client.go:29.2,35.16 4 3
github.com/k8scat/articli/pkg/platform/github/client.go:38.2,38.20 1 0
github.com/k8scat/articli/pkg/platform/github/client.go:26.17,28.3 1 0
github.com/k8scat/articli/pkg/platform/github/client.go:35.16,37.3 1 3
github.com/k8scat/articli/pkg/platform/github/client.go:41.107,43.17 2 3
github.com/k8scat/articli/pkg/platform/github/client.go:51.2,51.35 1 3
github.com/k8scat/articli/pkg/platform/github/client.go:54.2,56.16 3 3
github.com/k8scat/articli/pkg/platform/github/client.go:60.2,64.18 4 3
github.com/k8scat/articli/pkg/platform/github/client.go:67.2,68.32 2 3
github.com/k8scat/articli/pkg/platform/github/client.go:43.17,45.17 2 0
github.com/k8scat/articli/pkg/platform/github/client.go:48.3,48.25 1 0
github.com/k8scat/articli/pkg/platform/github/client.go:45.17,47.4 1 0
github.com/k8scat/articli/pkg/platform/github/client.go:51.35,53.3 1 0
github.com/k8scat/articli/pkg/platform/github/client.go:56.16,58.3 1 0
github.com/k8scat/articli/pkg/platform/github/client.go:64.18,66.3 1 0
github.com/k8scat/articli/pkg/platform/github/repo.go:33.46,34.21 1 0
github.com/k8scat/articli/pkg/platform/github/repo.go:37.2,37.21 1 0
github.com/k8scat/articli/pkg/platform/github/repo.go:45.2,45.12 1 0
github.com/k8scat/articli/pkg/platform/github/repo.go:34.21,36.3 1 0
github.com/k8scat/articli/pkg/platform/github/repo.go:37.21,38.19 1 0
github.com/k8scat/articli/pkg/platform/github/repo.go:43.3,43.43 1 0
github.com/k8scat/articli/pkg/platform/github/repo.go:38.19,42.4 3 0
github.com/k8scat/articli/pkg/platform/github/repo.go:48.59,49.18 1 0
github.com/k8scat/articli/pkg/platform/github/repo.go:53.2,54.30 2 0
github.com/k8scat/articli/pkg/platform/github/repo.go:71.2,71.50 1 0
github.com/k8scat/articli/pkg/platform/github/repo.go:49.18,51.3 1 0
github.com/k8scat/articli/pkg/platform/github/repo.go:54.30,56.17 2 0
github.com/k8scat/articli/pkg/platform/github/repo.go:59.3,61.17 3 0
github.com/k8scat/articli/pkg/platform/github/repo.go:56.17,58.4 1 0
github.com/k8scat/articli/pkg/platform/github/repo.go:61.17,63.4 1 0
github.com/k8scat/articli/pkg/platform/github/repo.go:64.8,67.17 3 0
github.com/k8scat/articli/pkg/platform/github/repo.go:67.17,69.4 1 0
github.com/k8scat/articli/pkg/platform/github/repo.go:82.46,83.21 1 0
github.com/k8scat/articli/pkg/platform/github/repo.go:86.2,86.17 1 0
github.com/k8scat/articli/pkg/platform/github/repo.go:89.2,89.12 1 0
github.com/k8scat/articli/pkg/platform/github/repo.go:83.21,85.3 1 0
github.com/k8scat/articli/pkg/platform/github/repo.go:86.17,88.3 1 0
github.com/k8scat/articli/pkg/platform/github/repo.go:109.108,110.17 1 0
github.com/k8scat/articli/pkg/platform/github/repo.go:113.2,113.16 1 0
github.com/k8scat/articli/pkg/platform/github/repo.go:117.2,117.16 1 0
github.com/k8scat/articli/pkg/platform/github/repo.go:120.2,120.39 1 0
github.com/k8scat/articli/pkg/platform/github/repo.go:124.2,124.16 1 0
github.com/k8scat/articli/pkg/platform/github/repo.go:132.2,135.16 3 0
github.com/k8scat/articli/pkg/platform/github/repo.go:139.2,141.16 3 0
github.com/k8scat/articli/pkg/platform/github/repo.go:144.2,144.79 1 0
github.com/k8scat/articli/pkg/platform/github/repo.go:148.2,150.34 3 0
github.com/k8scat/articli/pkg/platform/github/repo.go:110.17,112.3 1 0
github.com/k8scat/articli/pkg/platform/github/repo.go:113.16,115.3 1 0
github.com/k8scat/articli/pkg/platform/github/repo.go:117.16,119.3 1 0
github.com/k8scat/articli/pkg/platform/github/repo.go:120.39,122.3 1 0
github.com/k8scat/articli/pkg/platform/github/repo.go:124.16,125.21 1 0
github.com/k8scat/articli/pkg/platform/github/repo.go:125.21,127.4 1 0
github.com/k8scat/articli/pkg/platform/github/repo.go:127.9,129.4 1 0
github.com/k8scat/articli/pkg/platform/github/repo.go:135.16,137.3 1 0
github.com/k8scat/articli/pkg/platform/github/repo.go:141.16,143.3 1 0
github.com/k8scat/articli/pkg/platform/github/repo.go:144.79,146.3 1 0
github.com/k8scat/articli/pkg/platform/github/repo.go:155.85,156.17 1 0
github.com/k8scat/articli/pkg/platform/github/repo.go:159.2,159.16 1 0
github.com/k8scat/articli/pkg/platform/github/repo.go:162.2,162.16 1 0
github.com/k8scat/articli/pkg/platform/github/repo.go:166.2,166.16 1 0
github.com/k8scat/articli/pkg/platform/github/repo.go:169.2,169.39 1 0
github.com/k8scat/articli/pkg/platform/github/repo.go:172.2,174.16 3 0
github.com/k8scat/articli/pkg/platform/github/repo.go:177.2,177.38 1 0
github.com/k8scat/articli/pkg/platform/github/repo.go:182.2,182.12 1 0
github.com/k8scat/articli/pkg/platform/github/repo.go:156.17,158.3 1 0
github.com/k8scat/articli/pkg/platform/github/repo.go:159.16,161.3 1 0
github.com/k8scat/articli/pkg/platform/github/repo.go:162.16,164.3 1 0
github.com/k8scat/articli/pkg/platform/github/repo.go:166.16,168.3 1 0
github.com/k8scat/articli/pkg/platform/github/repo.go:169.39,171.3 1 0
github.com/k8scat/articli/pkg/platform/github/repo.go:174.16,176.3 1 0
github.com/k8scat/articli/pkg/platform/github/repo.go:177.38,181.3 3 0
github.com/k8scat/articli/pkg/platform/github/repo.go:198.42,200.2 1 0
github.com/k8scat/articli/pkg/platform/github/repo.go:202.92,203.17 1 0
github.com/k8scat/articli/pkg/platform/github/repo.go:206.2,206.16 1 0
github.com/k8scat/articli/pkg/platform/github/repo.go:210.2,211.19 2 0
github.com/k8scat/articli/pkg/platform/github/repo.go:217.2,219.16 3 0
github.com/k8scat/articli/pkg/platform/github/repo.go:223.2,225.16 3 0
github.com/k8scat/articli/pkg/platform/github/repo.go:228.2,228.38 1 0
github.com/k8scat/articli/pkg/platform/github/repo.go:232.2,234.20 3 0
github.com/k8scat/articli/pkg/platform/github/repo.go:243.2,245.16 3 0
github.com/k8scat/articli/pkg/platform/github/repo.go:248.2,248.35 1 0
github.com/k8scat/articli/pkg/platform/github/repo.go:203.17,205.3 1 0
github.com/k8scat/articli/pkg/platform/github/repo.go:206.16,208.3 1 0
github.com/k8scat/articli/pkg/platform/github/repo.go:211.19,214.3 2 0
github.com/k8scat/articli/pkg/platform/github/repo.go:219.16,221.3 1 0
github.com/k8scat/articli/pkg/platform/github/repo.go:225.16,227.3 1 0
github.com/k8scat/articli/pkg/platform/github/repo.go:228.38,230.3 1 0
github.com/k8scat/articli/pkg/platform/github/repo.go:234.20,237.17 3 0
github.com/k8scat/articli/pkg/platform/github/repo.go:240.3,240.24 1 0
github.com/k8scat/articli/pkg/platform/github/repo.go:237.17,239.4 1 0
github.com/k8scat/articli/pkg/platform/github/repo.go:245.16,247.3 1 0
github.com/k8scat/articli/pkg/platform/github/user.go:19.37,21.2 1 0
github.com/k8scat/articli/pkg/platform/github/user.go:23.56,26.16 3 3
github.com/k8scat/articli/pkg/platform/github/user.go:30.2,32.16 3 3
github.com/k8scat/articli/pkg/platform/github/user.go:35.2,35.38 1 3
github.com/k8scat/articli/pkg/platform/github/user.go:39.2,41.32 3 0
github.com/k8scat/articli/pkg/platform/github/user.go:26.16,28.3 1 0
github.com/k8scat/articli/pkg/platform/github/user.go:32.16,34.3 1 0
github.com/k8scat/articli/pkg/platform/github/user.go:35.38,37.3 1 3
github.com/k8scat/articli/pkg/platform/oschina/article.go:56.42,57.19 1 6
github.com/k8scat/articli/pkg/platform/oschina/article.go:60.2,60.21 1 5
github.com/k8scat/articli/pkg/platform/oschina/article.go:63.2,63.25 1 5
github.com/k8scat/articli/pkg/platform/oschina/article.go:68.2,69.12 2 5
github.com/k8scat/articli/pkg/platform/oschina/article.go:57.19,59.3 1 1
github.com/k8scat/articli/pkg/platform/oschina/article.go:60.21,62.3 1 0
github.com/k8scat/articli/pkg/platform/oschina/article.go:63.25,65.3 1 5
github.com/k8scat/articli/pkg/platform/oschina/article.go:65.8,67.3 1 0
github.com/k8scat/articli/pkg/platform/oschina/article.go:73.69,74.42 1 2
github.com/k8scat/articli/pkg/platform/oschina/article.go:78.2,79.21 2 2
github.com/k8scat/articli/pkg/platform/oschina/article.go:93.2,94.16 2 2
github.com/k8scat/articli/pkg/platform/oschina/article.go:97.2,98.16 2 2
github.com/k8scat/articli/pkg/platform/oschina/article.go:101.2,101.21 1 2
github.com/k8scat/articli/pkg/platform/oschina/article.go:104.2,104.50 1 2
github.com/k8scat/articli/pkg/platform/oschina/article.go:74.42,76.3 1 0
github.com/k8scat/articli/pkg/platform/oschina/article.go:79.21,80.27 1 2
github.com/k8scat/articli/pkg/platform/oschina/article.go:87.3,88.36 2 2
github.com/k8scat/articli/pkg/platform/oschina/article.go:80.27,82.18 2 2
github.com/k8scat/articli/pkg/platform/oschina/article.go:85.4,85.28 1 2
github.com/k8scat/articli/pkg/platform/oschina/article.go:82.18,84.5 1 0
github.com/k8scat/articli/pkg/platform/oschina/article.go:89.8,91.3 1 0
github.com/k8scat/articli/pkg/platform/oschina/article.go:94.16,96.3 1 0
github.com/k8scat/articli/pkg/platform/oschina/article.go:98.16,100.3 1 0
github.com/k8scat/articli/pkg/platform/oschina/article.go:101.21,103.3 1 0
github.com/k8scat/articli/pkg/platform/oschina/article.go:107.49,108.14 1 1
github.com/k8scat/articli/pkg/platform/oschina/article.go:111.2,117.12 4 1
github.com/k8scat/articli/pkg/platform/oschina/article.go:108.14,110.3 1 0
github.com/k8scat/articli/pkg/platform/oschina/article.go:126.61,127.14 1 1
github.com/k8scat/articli/pkg/platform/oschina/article.go:130.2,133.16 3 1
github.com/k8scat/articli/pkg/platform/oschina/article.go:136.2,137.16 2 1
github.com/k8scat/articli/pkg/platform/oschina/article.go:140.2,142.16 3 1
github.com/k8scat/articli/pkg/platform/oschina/article.go:145.2,146.29 2 1
github.com/k8scat/articli/pkg/platform/oschina/article.go:158.2,158.22 1 1
github.com/k8scat/articli/pkg/platform/oschina/article.go:127.14,129.3 1 0
github.com/k8scat/articli/pkg/platform/oschina/article.go:133.16,135.3 1 0
github.com/k8scat/articli/pkg/platform/oschina/article.go:137.16,139.3 1 0
github.com/k8scat/articli/pkg/platform/oschina/article.go:142.16,144.3 1 0
github.com/k8scat/articli/pkg/platform/oschina/article.go:146.29,150.34 2 20
github.com/k8scat/articli/pkg/platform/oschina/article.go:156.3,156.39 1 20
github.com/k8scat/articli/pkg/platform/oschina/article.go:150.34,151.26 1 60
github.com/k8scat/articli/pkg/platform/oschina/article.go:151.26,154.5 2 20
github.com/k8scat/articli/pkg/platform/oschina/article.go:161.52,163.2 1 2
github.com/k8scat/articli/pkg/platform/oschina/category.go:16.56,19.16 3 3
github.com/k8scat/articli/pkg/platform/oschina/category.go:22.2,23.16 2 3
github.com/k8scat/articli/pkg/platform/oschina/category.go:26.2,28.16 3 3
github.com/k8scat/articli/pkg/platform/oschina/category.go:31.2,32.29 2 3
github.com/k8scat/articli/pkg/platform/oschina/category.go:43.2,43.24 1 3
github.com/k8scat/articli/pkg/platform/oschina/category.go:19.16,21.3 1 0
github.com/k8scat/articli/pkg/platform/oschina/category.go:23.16,25.3 1 0
github.com/k8scat/articli/pkg/platform/oschina/category.go:28.16,30.3 1 0
github.com/k8scat/articli/pkg/platform/oschina/category.go:32.29,36.34 2 60
github.com/k8scat/articli/pkg/platform/oschina/category.go:41.3,41.44 1 60
github.com/k8scat/articli/pkg/platform/oschina/category.go:36.34,37.27 1 60
github.com/k8scat/articli/pkg/platform/oschina/category.go:37.27,39.5 1 60
github.com/k8scat/articli/pkg/platform/oschina/category.go:47.49,49.16 2 0
github.com/k8scat/articli/pkg/platform/oschina/category.go:53.2,60.26 4 0
github.com/k8scat/articli/pkg/platform/oschina/category.go:49.16,51.3 1 0
github.com/k8scat/articli/pkg/platform/oschina/category.go:63.68,65.16 2 2
github.com/k8scat/articli/pkg/platform/oschina/category.go:68.2,68.38 1 2
github.com/k8scat/articli/pkg/platform/oschina/category.go:73.2,73.17 1 0
github.com/k8scat/articli/pkg/platform/oschina/category.go:65.16,67.3 1 0
github.com/k8scat/articli/pkg/platform/oschina/category.go:68.38,69.28 1 2
github.com/k8scat/articli/pkg/platform/oschina/category.go:69.28,71.4 1 2
github.com/k8scat/articli/pkg/platform/oschina/client.go:26.48,31.16 3 11
github.com/k8scat/articli/pkg/platform/oschina/client.go:34.2,34.20 1 11
github.com/k8scat/articli/pkg/platform/oschina/client.go:31.16,33.3 1 0
github.com/k8scat/articli/pkg/platform/oschina/client.go:38.33,40.16 2 11
github.com/k8scat/articli/pkg/platform/oschina/client.go:45.2,46.17 2 11
github.com/k8scat/articli/pkg/platform/oschina/client.go:49.2,53.17 3 11
github.com/k8scat/articli/pkg/platform/oschina/client.go:56.2,60.21 3 11
github.com/k8scat/articli/pkg/platform/oschina/client.go:79.2,79.28 1 11
github.com/k8scat/articli/pkg/platform/oschina/client.go:84.2,85.17 2 11
github.com/k8scat/articli/pkg/platform/oschina/client.go:88.2,91.17 3 11
github.com/k8scat/articli/pkg/platform/oschina/client.go:94.2,95.12 2 11
github.com/k8scat/articli/pkg/platform/oschina/client.go:40.16,42.3 1 0
github.com/k8scat/articli/pkg/platform/oschina/client.go:46.17,48.3 1 0
github.com/k8scat/articli/pkg/platform/oschina/client.go:53.17,55.3 1 0
github.com/k8scat/articli/pkg/platform/oschina/client.go:60.21,62.17 2 11
github.com/k8scat/articli/pkg/platform/oschina/client.go:66.3,67.18 2 11
github.com/k8scat/articli/pkg/platform/oschina/client.go:70.3,71.12 2 11
github.com/k8scat/articli/pkg/platform/oschina/client.go:62.17,65.4 2 0
github.com/k8scat/articli/pkg/platform/oschina/client.go:67.18,69.4 1 0
github.com/k8scat/articli/pkg/platform/oschina/client.go:79.28,81.3 1 0
github.com/k8scat/articli/pkg/platform/oschina/client.go:85.17,87.3 1 0
github.com/k8scat/articli/pkg/platform/oschina/client.go:91.17,93.3 1 0
github.com/k8scat/articli/pkg/platform/oschina/client.go:99.121,101.16 2 30
github.com/k8scat/articli/pkg/platform/oschina/client.go:104.2,106.19 3 30
github.com/k8scat/articli/pkg/platform/oschina/client.go:109.2,110.16 2 30
github.com/k8scat/articli/pkg/platform/oschina/client.go:114.2,114.20 1 30
github.com/k8scat/articli/pkg/platform/oschina/client.go:120.2,121.34 2 0
github.com/k8scat/articli/pkg/platform/oschina/client.go:101.16,103.3 1 0
github.com/k8scat/articli/pkg/platform/oschina/client.go:106.19,108.3 1 0
github.com/k8scat/articli/pkg/platform/oschina/client.go:110.16,112.3 1 0
github.com/k8scat/articli/pkg/platform/oschina/client.go:114.20,118.3 3 30
github.com/k8scat/articli/pkg/platform/oschina/client.go:124.119,126.19 2 7
github.com/k8scat/articli/pkg/platform/oschina/client.go:130.2,131.16 2 7
github.com/k8scat/articli/pkg/platform/oschina/client.go:134.2,139.16 5 7
github.com/k8scat/articli/pkg/platform/oschina/client.go:142.2,142.20 1 7
github.com/k8scat/articli/pkg/platform/oschina/client.go:151.2,152.34 2 7
github.com/k8scat/articli/pkg/platform/oschina/client.go:126.19,129.3 2 7
github.com/k8scat/articli/pkg/platform/oschina/client.go:131.16,133.3 1 0
github.com/k8scat/articli/pkg/platform/oschina/client.go:139.16,141.3 1 0
github.com/k8scat/articli/pkg/platform/oschina/client.go:142.20,145.17 3 0
github.com/k8scat/articli/pkg/platform/oschina/client.go:148.3,148.24 1 0
github.com/k8scat/articli/pkg/platform/oschina/client.go:145.17,147.4 1 0
github.com/k8scat/articli/pkg/platform/oschina/client.go:155.55,158.16 3 7
github.com/k8scat/articli/pkg/platform/oschina/client.go:161.2,162.72 2 7
github.com/k8scat/articli/pkg/platform/oschina/client.go:165.2,165.17 1 5
github.com/k8scat/articli/pkg/platform/oschina/client.go:158.16,160.3 1 0
github.com/k8scat/articli/pkg/platform/oschina/client.go:162.72,164.3 1 2
github.com/k8scat/articli/pkg/platform/oschina/client.go:168.47,169.35 1 10
github.com/k8scat/articli/pkg/platform/oschina/client.go:172.2,172.45 1 10
github.com/k8scat/articli/pkg/platform/oschina/client.go:169.35,171.3 1 0
github.com/k8scat/articli/pkg/platform/oschina/draft.go:15.67,16.42 1 4
github.com/k8scat/articli/pkg/platform/oschina/draft.go:20.2,22.16 3 3
github.com/k8scat/articli/pkg/platform/oschina/draft.go:25.2,26.16 2 3
github.com/k8scat/articli/pkg/platform/oschina/draft.go:29.2,29.26 1 3
github.com/k8scat/articli/pkg/platform/oschina/draft.go:32.2,32.53 1 2
github.com/k8scat/articli/pkg/platform/oschina/draft.go:16.42,18.3 1 1
github.com/k8scat/articli/pkg/platform/oschina/draft.go:22.16,24.3 1 0
github.com/k8scat/articli/pkg/platform/oschina/draft.go:26.16,28.3 1 0
github.com/k8scat/articli/pkg/platform/oschina/draft.go:29.26,31.3 1 1
github.com/k8scat/articli/pkg/platform/oschina/draft.go:35.47,42.2 4 1
github.com/k8scat/articli/pkg/platform/oschina/draft.go:50.57,51.14 1 1
github.com/k8scat/articli/pkg/platform/oschina/draft.go:54.2,56.16 3 1
github.com/k8scat/articli/pkg/platform/oschina/draft.go:59.2,60.16 2 1
github.com/k8scat/articli/pkg/platform/oschina/draft.go:63.2,65.16 3 1
github.com/k8scat/articli/pkg/platform/oschina/draft.go:68.2,69.29 2 1
github.com/k8scat/articli/pkg/platform/oschina/draft.go:81.2,81.20 1 1
github.com/k8scat/articli/pkg/platform/oschina/draft.go:51.14,53.3 1 0
github.com/k8scat/articli/pkg/platform/oschina/draft.go:56.16,58.3 1 0
github.com/k8scat/articli/pkg/platform/oschina/draft.go:60.16,62.3 1 0
github.com/k8scat/articli/pkg/platform/oschina/draft.go:65.16,67.3 1 0
github.com/k8scat/articli/pkg/platform/oschina/draft.go:69.29,73.34 2 4
github.com/k8scat/articli/pkg/platform/oschina/draft.go:79.3,79.33 1 4
github.com/k8scat/articli/pkg/platform/oschina/draft.go:73.34,74.26 1 12
github.com/k8scat/articli/pkg/platform/oschina/draft.go:74.26,77.5 2 4
github.com/k8scat/articli/pkg/platform/oschina/draft.go:84.68,87.16 3 2
github.com/k8scat/articli/pkg/platform/oschina/draft.go:91.2,92.16 2 2
github.com/k8scat/articli/pkg/platform/oschina/draft.go:96.2,101.16 4 2
github.com/k8scat/articli/pkg/platform/oschina/draft.go:104.2,104.21 1 2
github.com/k8scat/articli/pkg/platform/oschina/draft.go:107.2,108.33 2 2
github.com/k8scat/articli/pkg/platform/oschina/draft.go:115.2,117.16 3 2
github.com/k8scat/articli/pkg/platform/oschina/draft.go:120.2,120.21 1 2
github.com/k8scat/articli/pkg/platform/oschina/draft.go:123.2,128.16 4 2
github.com/k8scat/articli/pkg/platform/oschina/draft.go:131.2,131.21 1 2
github.com/k8scat/articli/pkg/platform/oschina/draft.go:134.2,135.33 2 2
github.com/k8scat/articli/pkg/platform/oschina/draft.go:142.2,144.16 3 2
github.com/k8scat/articli/pkg/platform/oschina/draft.go:147.2,147.21 1 2
github.com/k8scat/articli/pkg/platform/oschina/draft.go:150.2,151.33 2 2
github.com/k8scat/articli/pkg/platform/oschina/draft.go:160.2,162.16 3 2
github.com/k8scat/articli/pkg/platform/oschina/draft.go:165.2,165.21 1 2
github.com/k8scat/articli/pkg/platform/oschina/draft.go:168.2,169.33 2 2
github.com/k8scat/articli/pkg/platform/oschina/draft.go:178.2,180.16 3 2
github.com/k8scat/articli/pkg/platform/oschina/draft.go:183.2,183.21 1 2
github.com/k8scat/articli/pkg/platform/oschina/draft.go:186.2,187.33 2 2
github.com/k8scat/articli/pkg/platform/oschina/draft.go:196.2,198.16 3 2
github.com/k8scat/articli/pkg/platform/oschina/draft.go:201.2,201.21 1 2
github.com/k8scat/articli/pkg/platform/oschina/draft.go:204.2,205.33 2 2
github.com/k8scat/articli/pkg/platform/oschina/draft.go:214.2,216.16 3 2
github.com/k8scat/articli/pkg/platform/oschina/draft.go:219.2,220.29 2 2
github.com/k8scat/articli/pkg/platform/oschina/draft.go:235.2,237.16 3 2
github.com/k8scat/articli/pkg/platform/oschina/draft.go:240.2,240.29 1 2
github.com/k8scat/articli/pkg/platform/oschina/draft.go:254.2,254.20 1 2
github.com/k8scat/articli/pkg/platform/oschina/draft.go:87.16,89.3 1 0
github.com/k8scat/articli/pkg/platform/oschina/draft.go:92.16,94.3 1 0
github.com/k8scat/articli/pkg/platform/oschina/draft.go:101.16,103.3 1 0
github.com/k8scat/articli/pkg/platform/oschina/draft.go:104.21,106.3 1 0
github.com/k8scat/articli/pkg/platform/oschina/draft.go:108.33,109.26 1 8
github.com/k8scat/articli/pkg/platform/oschina/draft.go:109.26,111.4 1 2
github.com/k8scat/articli/pkg/platform/oschina/draft.go:117.16,119.3 1 0
github.com/k8scat/articli/pkg/platform/oschina/draft.go:120.21,122.3 1 0
github.com/k8scat/articli/pkg/platform/oschina/draft.go:128.16,130.3 1 0
github.com/k8scat/articli/pkg/platform/oschina/draft.go:131.21,133.3 1 0
github.com/k8scat/articli/pkg/platform/oschina/draft.go:135.33,136.26 1 8
github.com/k8scat/articli/pkg/platform/oschina/draft.go:136.26,138.4 1 2
github.com/k8scat/articli/pkg/platform/oschina/draft.go:144.16,146.3 1 0
github.com/k8scat/articli/pkg/platform/oschina/draft.go:147.21,149.3 1 0
github.com/k8scat/articli/pkg/platform/oschina/draft.go:151.33,152.26 1 8
github.com/k8scat/articli/pkg/platform/oschina/draft.go:152.26,153.23 1 2
github.com/k8scat/articli/pkg/platform/oschina/draft.go:153.23,155.5 1 2
github.com/k8scat/articli/pkg/platform/oschina/draft.go:162.16,164.3 1 0
github.com/k8scat/articli/pkg/platform/oschina/draft.go:165.21,167.3 1 0
github.com/k8scat/articli/pkg/platform/oschina/draft.go:169.33,170.26 1 8
github.com/k8scat/articli/pkg/platform/oschina/draft.go:170.26,171.23 1 2
github.com/k8scat/articli/pkg/platform/oschina/draft.go:171.23,173.5 1 2
github.com/k8scat/articli/pkg/platform/oschina/draft.go:180.16,182.3 1 0
github.com/k8scat/articli/pkg/platform/oschina/draft.go:183.21,185.3 1 0
github.com/k8scat/articli/pkg/platform/oschina/draft.go:187.33,188.26 1 8
github.com/k8scat/articli/pkg/platform/oschina/draft.go:188.26,189.23 1 2
github.com/k8scat/articli/pkg/platform/oschina/draft.go:189.23,191.5 1 2
github.com/k8scat/articli/pkg/platform/oschina/draft.go:198.16,200.3 1 0
github.com/k8scat/articli/pkg/platform/oschina/draft.go:201.21,203.3 1 0
github.com/k8scat/articli/pkg/platform/oschina/draft.go:205.33,206.26 1 8
github.com/k8scat/articli/pkg/platform/oschina/draft.go:206.26,207.23 1 2
github.com/k8scat/articli/pkg/platform/oschina/draft.go:207.23,209.5 1 2
github.com/k8scat/articli/pkg/platform/oschina/draft.go:216.16,218.3 1 0
github.com/k8scat/articli/pkg/platform/oschina/draft.go:220.29,221.34 1 2
github.com/k8scat/articli/pkg/platform/oschina/draft.go:229.3,229.14 1 2
github.com/k8scat/articli/pkg/platform/oschina/draft.go:221.34,222.29 1 8
github.com/k8scat/articli/pkg/platform/oschina/draft.go:225.4,225.27 1 8
github.com/k8scat/articli/pkg/platform/oschina/draft.go:222.29,224.5 1 2
github.com/k8scat/articli/pkg/platform/oschina/draft.go:225.27,227.5 1 2
github.com/k8scat/articli/pkg/platform/oschina/draft.go:229.14,230.9 1 2
github.com/k8scat/articli/pkg/platform/oschina/draft.go:237.16,239.3 1 0
github.com/k8scat/articli/pkg/platform/oschina/draft.go:240.29,241.34 1 40
github.com/k8scat/articli/pkg/platform/oschina/draft.go:241.34,242.30 1 42
github.com/k8scat/articli/pkg/platform/oschina/draft.go:242.30,245.19 3 2
github.com/k8scat/articli/pkg/platform/oschina/draft.go:248.5,248.24 1 2
github.com/k8scat/articli/pkg/platform/oschina/draft.go:245.19,247.6 1 0
github.com/k8scat/articli/pkg/platform/oschina/draft.go:248.24,250.6 1 2
github.com/k8scat/articli/pkg/platform/oschina/draft.go:257.72,260.16 3 1
github.com/k8scat/articli/pkg/platform/oschina/draft.go:264.2,266.8 3 1
github.com/k8scat/articli/pkg/platform/oschina/draft.go:260.16,263.3 2 0
github.com/k8scat/articli/pkg/platform/oschina/technical.go:16.67,19.16 3 1
github.com/k8scat/articli/pkg/platform/oschina/technical.go:22.2,23.16 2 1
github.com/k8scat/articli/pkg/platform/oschina/technical.go:26.2,28.16 3 1
github.com/k8scat/articli/pkg/platform/oschina/technical.go:31.2,32.29 2 1
github.com/k8scat/articli/pkg/platform/oschina/technical.go:43.2,43.20 1 1
github.com/k8scat/articli/pkg/platform/oschina/technical.go:19.16,21.3 1 0
github.com/k8scat/articli/pkg/platform/oschina/technical.go:23.16,25.3 1 0
github.com/k8scat/articli/pkg/platform/oschina/technical.go:28.16,30.3 1 0
github.com/k8scat/articli/pkg/platform/oschina/technical.go:32.29,36.34 2 28
github.com/k8scat/articli/pkg/platform/oschina/technical.go:41.3,41.33 1 28
github.com/k8scat/articli/pkg/platform/oschina/technical.go:36.34,37.32 1 56
github.com/k8scat/articli/pkg/platform/oschina/technical.go:37.32,39.5 1 28
github.com/k8scat/articli/pkg/platform/oschina/technical.go:46.80,48.16 2 0
github.com/k8scat/articli/pkg/platform/oschina/technical.go:51.2,51.31 1 0
github.com/k8scat/articli/pkg/platform/oschina/technical.go:56.2,56.17 1 0
github.com/k8scat/articli/pkg/platform/oschina/technical.go:48.16,50.3 1 0
github.com/k8scat/articli/pkg/platform/oschina/technical.go:51.31,52.25 1 0
github.com/k8scat/articli/pkg/platform/oschina/technical.go:52.25,54.4 1 0
